<?xml version="1.0" encoding="UTF-8"?>
<testsuite xmlns:xsi="http://www.w3.org/2001/XMLSchema-instance" xsi:noNamespaceSchemaLocation="https://maven.apache.org/surefire/maven-surefire-plugin/xsd/surefire-test-report-3.0.xsd" version="3.0" name="com.epam.training.ticketservice.repository.impl.JpaAccountRepositoryTest" time="0.406" tests="6" errors="0" skipped="0" failures="0">
  <properties>
    <property name="sun.desktop" value="windows"/>
    <property name="awt.toolkit" value="sun.awt.windows.WToolkit"/>
    <property name="java.specification.version" value="11"/>
    <property name="sun.cpu.isalist" value="amd64"/>
    <property name="sun.jnu.encoding" value="Cp1250"/>
    <property name="java.class.path" value="C:\Users\ssgam\Documents\GitHub\Java_fejlesztes_a_gyakorlatban\ticket-service\target\test-classes;C:\Users\ssgam\Documents\GitHub\Java_fejlesztes_a_gyakorlatban\ticket-service\target\classes;C:\Users\ssgam\.m2\repository\org\junit\jupiter\junit-jupiter-api\5.7.1\junit-jupiter-api-5.7.1.jar;C:\Users\ssgam\.m2\repository\org\apiguardian\apiguardian-api\1.1.0\apiguardian-api-1.1.0.jar;C:\Users\ssgam\.m2\repository\org\opentest4j\opentest4j\1.2.0\opentest4j-1.2.0.jar;C:\Users\ssgam\.m2\repository\org\junit\platform\junit-platform-commons\1.7.1\junit-platform-commons-1.7.1.jar;C:\Users\ssgam\.m2\repository\org\junit\jupiter\junit-jupiter-engine\5.7.1\junit-jupiter-engine-5.7.1.jar;C:\Users\ssgam\.m2\repository\org\junit\platform\junit-platform-engine\1.7.1\junit-platform-engine-1.7.1.jar;C:\Users\ssgam\.m2\repository\org\springframework\shell\spring-shell-starter\2.0.1.RELEASE\spring-shell-starter-2.0.1.RELEASE.jar;C:\Users\ssgam\.m2\repository\org\springframework\shell\spring-shell-core\2.0.1.RELEASE\spring-shell-core-2.0.1.RELEASE.jar;C:\Users\ssgam\.m2\repository\org\springframework\boot\spring-boot-starter\2.4.3\spring-boot-starter-2.4.3.jar;C:\Users\ssgam\.m2\repository\org\springframework\boot\spring-boot\2.4.3\spring-boot-2.4.3.jar;C:\Users\ssgam\.m2\repository\org\springframework\boot\spring-boot-autoconfigure\2.4.3\spring-boot-autoconfigure-2.4.3.jar;C:\Users\ssgam\.m2\repository\org\springframework\boot\spring-boot-starter-logging\2.4.3\spring-boot-starter-logging-2.4.3.jar;C:\Users\ssgam\.m2\repository\ch\qos\logback\logback-classic\1.2.3\logback-classic-1.2.3.jar;C:\Users\ssgam\.m2\repository\ch\qos\logback\logback-core\1.2.3\logback-core-1.2.3.jar;C:\Users\ssgam\.m2\repository\org\apache\logging\log4j\log4j-to-slf4j\2.13.3\log4j-to-slf4j-2.13.3.jar;C:\Users\ssgam\.m2\repository\org\apache\logging\log4j\log4j-api\2.13.3\log4j-api-2.13.3.jar;C:\Users\ssgam\.m2\repository\org\slf4j\jul-to-slf4j\1.7.30\jul-to-slf4j-1.7.30.jar;C:\Users\ssgam\.m2\repository\jakarta\annotation\jakarta.annotation-api\1.3.5\jakarta.annotation-api-1.3.5.jar;C:\Users\ssgam\.m2\repository\org\yaml\snakeyaml\1.27\snakeyaml-1.27.jar;C:\Users\ssgam\.m2\repository\org\springframework\boot\spring-boot-starter-validation\2.4.3\spring-boot-starter-validation-2.4.3.jar;C:\Users\ssgam\.m2\repository\org\glassfish\jakarta.el\3.0.3\jakarta.el-3.0.3.jar;C:\Users\ssgam\.m2\repository\org\hibernate\validator\hibernate-validator\6.1.7.Final\hibernate-validator-6.1.7.Final.jar;C:\Users\ssgam\.m2\repository\jakarta\validation\jakarta.validation-api\2.0.2\jakarta.validation-api-2.0.2.jar;C:\Users\ssgam\.m2\repository\org\jline\jline\3.4.0\jline-3.4.0.jar;C:\Users\ssgam\.m2\repository\org\jline\jline-terminal-jna\3.4.0\jline-terminal-jna-3.4.0.jar;C:\Users\ssgam\.m2\repository\net\java\dev\jna\jna\4.2.2\jna-4.2.2.jar;C:\Users\ssgam\.m2\repository\org\jline\jline-terminal\3.4.0\jline-terminal-3.4.0.jar;C:\Users\ssgam\.m2\repository\org\springframework\shell\spring-shell-standard\2.0.1.RELEASE\spring-shell-standard-2.0.1.RELEASE.jar;C:\Users\ssgam\.m2\repository\org\springframework\shell\spring-shell-standard-commands\2.0.1.RELEASE\spring-shell-standard-commands-2.0.1.RELEASE.jar;C:\Users\ssgam\.m2\repository\org\springframework\shell\spring-shell-shell1-adapter\2.0.1.RELEASE\spring-shell-shell1-adapter-2.0.1.RELEASE.jar;C:\Users\ssgam\.m2\repository\org\springframework\shell\spring-shell-jcommander-adapter\2.0.1.RELEASE\spring-shell-jcommander-adapter-2.0.1.RELEASE.jar;C:\Users\ssgam\.m2\repository\org\springframework\shell\spring-shell-table\2.0.1.RELEASE\spring-shell-table-2.0.1.RELEASE.jar;C:\Users\ssgam\.m2\repository\org\springframework\spring-beans\5.3.4\spring-beans-5.3.4.jar;C:\Users\ssgam\.m2\repository\org\springframework\boot\spring-boot-starter-data-jpa\2.4.3\spring-boot-starter-data-jpa-2.4.3.jar;C:\Users\ssgam\.m2\repository\org\springframework\boot\spring-boot-starter-aop\2.4.3\spring-boot-starter-aop-2.4.3.jar;C:\Users\ssgam\.m2\repository\org\springframework\spring-aop\5.3.4\spring-aop-5.3.4.jar;C:\Users\ssgam\.m2\repository\org\aspectj\aspectjweaver\1.9.6\aspectjweaver-1.9.6.jar;C:\Users\ssgam\.m2\repository\org\springframework\boot\spring-boot-starter-jdbc\2.4.3\spring-boot-starter-jdbc-2.4.3.jar;C:\Users\ssgam\.m2\repository\com\zaxxer\HikariCP\3.4.5\HikariCP-3.4.5.jar;C:\Users\ssgam\.m2\repository\org\springframework\spring-jdbc\5.3.4\spring-jdbc-5.3.4.jar;C:\Users\ssgam\.m2\repository\jakarta\transaction\jakarta.transaction-api\1.3.3\jakarta.transaction-api-1.3.3.jar;C:\Users\ssgam\.m2\repository\jakarta\persistence\jakarta.persistence-api\2.2.3\jakarta.persistence-api-2.2.3.jar;C:\Users\ssgam\.m2\repository\org\hibernate\hibernate-core\5.4.28.Final\hibernate-core-5.4.28.Final.jar;C:\Users\ssgam\.m2\repository\org\jboss\logging\jboss-logging\3.4.1.Final\jboss-logging-3.4.1.Final.jar;C:\Users\ssgam\.m2\repository\org\javassist\javassist\3.27.0-GA\javassist-3.27.0-GA.jar;C:\Users\ssgam\.m2\repository\antlr\antlr\2.7.7\antlr-2.7.7.jar;C:\Users\ssgam\.m2\repository\org\jboss\jandex\2.2.3.Final\jandex-2.2.3.Final.jar;C:\Users\ssgam\.m2\repository\com\fasterxml\classmate\1.5.1\classmate-1.5.1.jar;C:\Users\ssgam\.m2\repository\org\dom4j\dom4j\2.1.3\dom4j-2.1.3.jar;C:\Users\ssgam\.m2\repository\org\hibernate\common\hibernate-commons-annotations\5.1.2.Final\hibernate-commons-annotations-5.1.2.Final.jar;C:\Users\ssgam\.m2\repository\org\glassfish\jaxb\jaxb-runtime\2.3.3\jaxb-runtime-2.3.3.jar;C:\Users\ssgam\.m2\repository\jakarta\xml\bind\jakarta.xml.bind-api\2.3.3\jakarta.xml.bind-api-2.3.3.jar;C:\Users\ssgam\.m2\repository\org\glassfish\jaxb\txw2\2.3.3\txw2-2.3.3.jar;C:\Users\ssgam\.m2\repository\com\sun\istack\istack-commons-runtime\3.0.11\istack-commons-runtime-3.0.11.jar;C:\Users\ssgam\.m2\repository\com\sun\activation\jakarta.activation\1.2.2\jakarta.activation-1.2.2.jar;C:\Users\ssgam\.m2\repository\org\springframework\data\spring-data-jpa\2.4.5\spring-data-jpa-2.4.5.jar;C:\Users\ssgam\.m2\repository\org\springframework\data\spring-data-commons\2.4.5\spring-data-commons-2.4.5.jar;C:\Users\ssgam\.m2\repository\org\springframework\spring-orm\5.3.4\spring-orm-5.3.4.jar;C:\Users\ssgam\.m2\repository\org\springframework\spring-context\5.3.4\spring-context-5.3.4.jar;C:\Users\ssgam\.m2\repository\org\springframework\spring-expression\5.3.4\spring-expression-5.3.4.jar;C:\Users\ssgam\.m2\repository\org\springframework\spring-tx\5.3.4\spring-tx-5.3.4.jar;C:\Users\ssgam\.m2\repository\org\springframework\spring-core\5.3.4\spring-core-5.3.4.jar;C:\Users\ssgam\.m2\repository\org\springframework\spring-jcl\5.3.4\spring-jcl-5.3.4.jar;C:\Users\ssgam\.m2\repository\org\slf4j\slf4j-api\1.7.30\slf4j-api-1.7.30.jar;C:\Users\ssgam\.m2\repository\org\springframework\spring-aspects\5.3.4\spring-aspects-5.3.4.jar;C:\Users\ssgam\.m2\repository\com\h2database\h2\1.4.200\h2-1.4.200.jar;C:\Users\ssgam\.m2\repository\org\mockito\mockito-core\3.6.28\mockito-core-3.6.28.jar;C:\Users\ssgam\.m2\repository\net\bytebuddy\byte-buddy\1.10.20\byte-buddy-1.10.20.jar;C:\Users\ssgam\.m2\repository\net\bytebuddy\byte-buddy-agent\1.10.20\byte-buddy-agent-1.10.20.jar;C:\Users\ssgam\.m2\repository\org\objenesis\objenesis\3.1\objenesis-3.1.jar;C:\Users\ssgam\.m2\repository\org\powermock\powermock-module-junit4\1.7.3\powermock-module-junit4-1.7.3.jar;C:\Users\ssgam\.m2\repository\org\powermock\powermock-module-junit4-common\1.7.3\powermock-module-junit4-common-1.7.3.jar;C:\Users\ssgam\.m2\repository\org\powermock\powermock-reflect\1.7.3\powermock-reflect-1.7.3.jar;C:\Users\ssgam\.m2\repository\org\powermock\powermock-core\1.7.3\powermock-core-1.7.3.jar;C:\Users\ssgam\.m2\repository\junit\junit\4.13.2\junit-4.13.2.jar;C:\Users\ssgam\.m2\repository\org\hamcrest\hamcrest-core\2.2\hamcrest-core-2.2.jar;C:\Users\ssgam\.m2\repository\org\hamcrest\hamcrest\2.2\hamcrest-2.2.jar;C:\Users\ssgam\.m2\repository\org\powermock\powermock-api-mockito2\1.7.3\powermock-api-mockito2-1.7.3.jar;C:\Users\ssgam\.m2\repository\org\powermock\powermock-api-mockito-common\1.7.3\powermock-api-mockito-common-1.7.3.jar;C:\Users\ssgam\.m2\repository\org\powermock\powermock-api-support\1.7.3\powermock-api-support-1.7.3.jar;C:\Users\ssgam\.m2\repository\org\jetbrains\annotations\20.1.0\annotations-20.1.0.jar;C:\Users\ssgam\.m2\repository\org\postgresql\postgresql\42.2.18\postgresql-42.2.18.jar;C:\Users\ssgam\.m2\repository\org\checkerframework\checker-qual\3.5.0\checker-qual-3.5.0.jar;"/>
    <property name="java.vm.vendor" value="Oracle Corporation"/>
    <property name="sun.arch.data.model" value="64"/>
    <property name="user.variant" value=""/>
    <property name="java.vendor.url" value="https://openjdk.java.net/"/>
    <property name="user.timezone" value="Europe/Prague"/>
    <property name="java.vm.specification.version" value="11"/>
    <property name="os.name" value="Windows 10"/>
    <property name="sun.java.launcher" value="SUN_STANDARD"/>
    <property name="user.country" value="HU"/>
    <property name="sun.boot.library.path" value="C:\Program Files\Java\jdk-11.0.11\bin"/>
    <property name="sun.java.command" value="C:\Users\ssgam\AppData\Local\Temp\surefire14055854169042815131\surefirebooter3999482549529424797.jar C:\Users\ssgam\AppData\Local\Temp\surefire14055854169042815131 2021-05-19T23-49-52_002-jvmRun1 surefire7625888670040676257tmp surefire_010909784299704551563tmp"/>
    <property name="jdk.debug" value="release"/>
    <property name="surefire.test.class.path" value="C:\Users\ssgam\Documents\GitHub\Java_fejlesztes_a_gyakorlatban\ticket-service\target\test-classes;C:\Users\ssgam\Documents\GitHub\Java_fejlesztes_a_gyakorlatban\ticket-service\target\classes;C:\Users\ssgam\.m2\repository\org\junit\jupiter\junit-jupiter-api\5.7.1\junit-jupiter-api-5.7.1.jar;C:\Users\ssgam\.m2\repository\org\apiguardian\apiguardian-api\1.1.0\apiguardian-api-1.1.0.jar;C:\Users\ssgam\.m2\repository\org\opentest4j\opentest4j\1.2.0\opentest4j-1.2.0.jar;C:\Users\ssgam\.m2\repository\org\junit\platform\junit-platform-commons\1.7.1\junit-platform-commons-1.7.1.jar;C:\Users\ssgam\.m2\repository\org\junit\jupiter\junit-jupiter-engine\5.7.1\junit-jupiter-engine-5.7.1.jar;C:\Users\ssgam\.m2\repository\org\junit\platform\junit-platform-engine\1.7.1\junit-platform-engine-1.7.1.jar;C:\Users\ssgam\.m2\repository\org\springframework\shell\spring-shell-starter\2.0.1.RELEASE\spring-shell-starter-2.0.1.RELEASE.jar;C:\Users\ssgam\.m2\repository\org\springframework\shell\spring-shell-core\2.0.1.RELEASE\spring-shell-core-2.0.1.RELEASE.jar;C:\Users\ssgam\.m2\repository\org\springframework\boot\spring-boot-starter\2.4.3\spring-boot-starter-2.4.3.jar;C:\Users\ssgam\.m2\repository\org\springframework\boot\spring-boot\2.4.3\spring-boot-2.4.3.jar;C:\Users\ssgam\.m2\repository\org\springframework\boot\spring-boot-autoconfigure\2.4.3\spring-boot-autoconfigure-2.4.3.jar;C:\Users\ssgam\.m2\repository\org\springframework\boot\spring-boot-starter-logging\2.4.3\spring-boot-starter-logging-2.4.3.jar;C:\Users\ssgam\.m2\repository\ch\qos\logback\logback-classic\1.2.3\logback-classic-1.2.3.jar;C:\Users\ssgam\.m2\repository\ch\qos\logback\logback-core\1.2.3\logback-core-1.2.3.jar;C:\Users\ssgam\.m2\repository\org\apache\logging\log4j\log4j-to-slf4j\2.13.3\log4j-to-slf4j-2.13.3.jar;C:\Users\ssgam\.m2\repository\org\apache\logging\log4j\log4j-api\2.13.3\log4j-api-2.13.3.jar;C:\Users\ssgam\.m2\repository\org\slf4j\jul-to-slf4j\1.7.30\jul-to-slf4j-1.7.30.jar;C:\Users\ssgam\.m2\repository\jakarta\annotation\jakarta.annotation-api\1.3.5\jakarta.annotation-api-1.3.5.jar;C:\Users\ssgam\.m2\repository\org\yaml\snakeyaml\1.27\snakeyaml-1.27.jar;C:\Users\ssgam\.m2\repository\org\springframework\boot\spring-boot-starter-validation\2.4.3\spring-boot-starter-validation-2.4.3.jar;C:\Users\ssgam\.m2\repository\org\glassfish\jakarta.el\3.0.3\jakarta.el-3.0.3.jar;C:\Users\ssgam\.m2\repository\org\hibernate\validator\hibernate-validator\6.1.7.Final\hibernate-validator-6.1.7.Final.jar;C:\Users\ssgam\.m2\repository\jakarta\validation\jakarta.validation-api\2.0.2\jakarta.validation-api-2.0.2.jar;C:\Users\ssgam\.m2\repository\org\jline\jline\3.4.0\jline-3.4.0.jar;C:\Users\ssgam\.m2\repository\org\jline\jline-terminal-jna\3.4.0\jline-terminal-jna-3.4.0.jar;C:\Users\ssgam\.m2\repository\net\java\dev\jna\jna\4.2.2\jna-4.2.2.jar;C:\Users\ssgam\.m2\repository\org\jline\jline-terminal\3.4.0\jline-terminal-3.4.0.jar;C:\Users\ssgam\.m2\repository\org\springframework\shell\spring-shell-standard\2.0.1.RELEASE\spring-shell-standard-2.0.1.RELEASE.jar;C:\Users\ssgam\.m2\repository\org\springframework\shell\spring-shell-standard-commands\2.0.1.RELEASE\spring-shell-standard-commands-2.0.1.RELEASE.jar;C:\Users\ssgam\.m2\repository\org\springframework\shell\spring-shell-shell1-adapter\2.0.1.RELEASE\spring-shell-shell1-adapter-2.0.1.RELEASE.jar;C:\Users\ssgam\.m2\repository\org\springframework\shell\spring-shell-jcommander-adapter\2.0.1.RELEASE\spring-shell-jcommander-adapter-2.0.1.RELEASE.jar;C:\Users\ssgam\.m2\repository\org\springframework\shell\spring-shell-table\2.0.1.RELEASE\spring-shell-table-2.0.1.RELEASE.jar;C:\Users\ssgam\.m2\repository\org\springframework\spring-beans\5.3.4\spring-beans-5.3.4.jar;C:\Users\ssgam\.m2\repository\org\springframework\boot\spring-boot-starter-data-jpa\2.4.3\spring-boot-starter-data-jpa-2.4.3.jar;C:\Users\ssgam\.m2\repository\org\springframework\boot\spring-boot-starter-aop\2.4.3\spring-boot-starter-aop-2.4.3.jar;C:\Users\ssgam\.m2\repository\org\springframework\spring-aop\5.3.4\spring-aop-5.3.4.jar;C:\Users\ssgam\.m2\repository\org\aspectj\aspectjweaver\1.9.6\aspectjweaver-1.9.6.jar;C:\Users\ssgam\.m2\repository\org\springframework\boot\spring-boot-starter-jdbc\2.4.3\spring-boot-starter-jdbc-2.4.3.jar;C:\Users\ssgam\.m2\repository\com\zaxxer\HikariCP\3.4.5\HikariCP-3.4.5.jar;C:\Users\ssgam\.m2\repository\org\springframework\spring-jdbc\5.3.4\spring-jdbc-5.3.4.jar;C:\Users\ssgam\.m2\repository\jakarta\transaction\jakarta.transaction-api\1.3.3\jakarta.transaction-api-1.3.3.jar;C:\Users\ssgam\.m2\repository\jakarta\persistence\jakarta.persistence-api\2.2.3\jakarta.persistence-api-2.2.3.jar;C:\Users\ssgam\.m2\repository\org\hibernate\hibernate-core\5.4.28.Final\hibernate-core-5.4.28.Final.jar;C:\Users\ssgam\.m2\repository\org\jboss\logging\jboss-logging\3.4.1.Final\jboss-logging-3.4.1.Final.jar;C:\Users\ssgam\.m2\repository\org\javassist\javassist\3.27.0-GA\javassist-3.27.0-GA.jar;C:\Users\ssgam\.m2\repository\antlr\antlr\2.7.7\antlr-2.7.7.jar;C:\Users\ssgam\.m2\repository\org\jboss\jandex\2.2.3.Final\jandex-2.2.3.Final.jar;C:\Users\ssgam\.m2\repository\com\fasterxml\classmate\1.5.1\classmate-1.5.1.jar;C:\Users\ssgam\.m2\repository\org\dom4j\dom4j\2.1.3\dom4j-2.1.3.jar;C:\Users\ssgam\.m2\repository\org\hibernate\common\hibernate-commons-annotations\5.1.2.Final\hibernate-commons-annotations-5.1.2.Final.jar;C:\Users\ssgam\.m2\repository\org\glassfish\jaxb\jaxb-runtime\2.3.3\jaxb-runtime-2.3.3.jar;C:\Users\ssgam\.m2\repository\jakarta\xml\bind\jakarta.xml.bind-api\2.3.3\jakarta.xml.bind-api-2.3.3.jar;C:\Users\ssgam\.m2\repository\org\glassfish\jaxb\txw2\2.3.3\txw2-2.3.3.jar;C:\Users\ssgam\.m2\repository\com\sun\istack\istack-commons-runtime\3.0.11\istack-commons-runtime-3.0.11.jar;C:\Users\ssgam\.m2\repository\com\sun\activation\jakarta.activation\1.2.2\jakarta.activation-1.2.2.jar;C:\Users\ssgam\.m2\repository\org\springframework\data\spring-data-jpa\2.4.5\spring-data-jpa-2.4.5.jar;C:\Users\ssgam\.m2\repository\org\springframework\data\spring-data-commons\2.4.5\spring-data-commons-2.4.5.jar;C:\Users\ssgam\.m2\repository\org\springframework\spring-orm\5.3.4\spring-orm-5.3.4.jar;C:\Users\ssgam\.m2\repository\org\springframework\spring-context\5.3.4\spring-context-5.3.4.jar;C:\Users\ssgam\.m2\repository\org\springframework\spring-expression\5.3.4\spring-expression-5.3.4.jar;C:\Users\ssgam\.m2\repository\org\springframework\spring-tx\5.3.4\spring-tx-5.3.4.jar;C:\Users\ssgam\.m2\repository\org\springframework\spring-core\5.3.4\spring-core-5.3.4.jar;C:\Users\ssgam\.m2\repository\org\springframework\spring-jcl\5.3.4\spring-jcl-5.3.4.jar;C:\Users\ssgam\.m2\repository\org\slf4j\slf4j-api\1.7.30\slf4j-api-1.7.30.jar;C:\Users\ssgam\.m2\repository\org\springframework\spring-aspects\5.3.4\spring-aspects-5.3.4.jar;C:\Users\ssgam\.m2\repository\com\h2database\h2\1.4.200\h2-1.4.200.jar;C:\Users\ssgam\.m2\repository\org\mockito\mockito-core\3.6.28\mockito-core-3.6.28.jar;C:\Users\ssgam\.m2\repository\net\bytebuddy\byte-buddy\1.10.20\byte-buddy-1.10.20.jar;C:\Users\ssgam\.m2\repository\net\bytebuddy\byte-buddy-agent\1.10.20\byte-buddy-agent-1.10.20.jar;C:\Users\ssgam\.m2\repository\org\objenesis\objenesis\3.1\objenesis-3.1.jar;C:\Users\ssgam\.m2\repository\org\powermock\powermock-module-junit4\1.7.3\powermock-module-junit4-1.7.3.jar;C:\Users\ssgam\.m2\repository\org\powermock\powermock-module-junit4-common\1.7.3\powermock-module-junit4-common-1.7.3.jar;C:\Users\ssgam\.m2\repository\org\powermock\powermock-reflect\1.7.3\powermock-reflect-1.7.3.jar;C:\Users\ssgam\.m2\repository\org\powermock\powermock-core\1.7.3\powermock-core-1.7.3.jar;C:\Users\ssgam\.m2\repository\junit\junit\4.13.2\junit-4.13.2.jar;C:\Users\ssgam\.m2\repository\org\hamcrest\hamcrest-core\2.2\hamcrest-core-2.2.jar;C:\Users\ssgam\.m2\repository\org\hamcrest\hamcrest\2.2\hamcrest-2.2.jar;C:\Users\ssgam\.m2\repository\org\powermock\powermock-api-mockito2\1.7.3\powermock-api-mockito2-1.7.3.jar;C:\Users\ssgam\.m2\repository\org\powermock\powermock-api-mockito-common\1.7.3\powermock-api-mockito-common-1.7.3.jar;C:\Users\ssgam\.m2\repository\org\powermock\powermock-api-support\1.7.3\powermock-api-support-1.7.3.jar;C:\Users\ssgam\.m2\repository\org\jetbrains\annotations\20.1.0\annotations-20.1.0.jar;C:\Users\ssgam\.m2\repository\org\postgresql\postgresql\42.2.18\postgresql-42.2.18.jar;C:\Users\ssgam\.m2\repository\org\checkerframework\checker-qual\3.5.0\checker-qual-3.5.0.jar;"/>
    <property name="sun.cpu.endian" value="little"/>
    <property name="user.home" value="C:\Users\ssgam"/>
    <property name="user.language" value="hu"/>
    <property name="java.specification.vendor" value="Oracle Corporation"/>
    <property name="java.version.date" value="2021-04-20"/>
    <property name="java.home" value="C:\Program Files\Java\jdk-11.0.11"/>
    <property name="file.separator" value="\"/>
    <property name="basedir" value="C:\Users\ssgam\Documents\GitHub\Java_fejlesztes_a_gyakorlatban\ticket-service"/>
    <property name="java.vm.compressedOopsMode" value="32-bit"/>
    <property name="line.separator" value="&#10;"/>
    <property name="java.specification.name" value="Java Platform API Specification"/>
    <property name="java.vm.specification.vendor" value="Oracle Corporation"/>
    <property name="java.awt.graphicsenv" value="sun.awt.Win32GraphicsEnvironment"/>
    <property name="surefire.real.class.path" value="C:\Users\ssgam\AppData\Local\Temp\surefire14055854169042815131\surefirebooter3999482549529424797.jar"/>
    <property name="user.script" value=""/>
    <property name="sun.management.compiler" value="HotSpot 64-Bit Tiered Compilers"/>
    <property name="java.runtime.version" value="11.0.11+9-LTS-194"/>
    <property name="user.name" value="ssgam"/>
    <property name="path.separator" value=";"/>
    <property name="os.version" value="10.0"/>
    <property name="java.runtime.name" value="Java(TM) SE Runtime Environment"/>
    <property name="file.encoding" value="Cp1250"/>
    <property name="java.vm.name" value="Java HotSpot(TM) 64-Bit Server VM"/>
    <property name="java.vendor.version" value="18.9"/>
    <property name="localRepository" value="C:\Users\ssgam\.m2\repository"/>
    <property name="java.vendor.url.bug" value="https://bugreport.java.com/bugreport/"/>
    <property name="java.io.tmpdir" value="C:\Users\ssgam\AppData\Local\Temp\"/>
    <property name="java.version" value="11.0.11"/>
    <property name="user.dir" value="C:\Users\ssgam\Documents\GitHub\Java_fejlesztes_a_gyakorlatban\ticket-service"/>
    <property name="os.arch" value="amd64"/>
    <property name="java.vm.specification.name" value="Java Virtual Machine Specification"/>
    <property name="java.awt.printerjob" value="sun.awt.windows.WPrinterJob"/>
    <property name="sun.os.patch.level" value=""/>
    <property name="java.library.path" value="C:\Program Files\Java\jdk-11.0.11\bin;C:\Windows\Sun\Java\bin;C:\Windows\system32;C:\Windows;C:\Windows\system32;C:\Windows;C:\Windows\System32\Wbem;C:\Windows\System32\WindowsPowerShell\v1.0\;C:\Windows\System32\OpenSSH\;C:\Program Files\NVIDIA Corporation\NVIDIA NvDLISR;C:\Program Files (x86)\NVIDIA Corporation\PhysX\Common;C:\Program Files\Git\cmd;C:\xampp\php;C:\ProgramData\ComposerSetup\bin;C:\Program Files\Docker\Docker\resources\bin;C:\ProgramData\DockerDesktop\version-bin;C:\Program Files\nodejs\;C:\Program Files\Java\jdk-11.0.11\bin;C:\Users\ssgam\Desktop\apache-maven-3.8.1\bin;C:\Users\ssgam\AppData\Local\Microsoft\WindowsApps;C:\Users\ssgam\AppData\Local\GitHubDesktop\bin;C:\Program Files\JetBrains\PyCharm Community Edition 2020.3.3\bin;;C:\Program Files\JetBrains\IntelliJ IDEA Community Edition 2020.3.3\bin;;C:\Program Files\JetBrains\PhpStorm 2020.3.3\bin;;C:\Users\ssgam\AppData\Roaming\Composer\vendor\bin;C:\Program Files\JetBrains\CLion 2021.1.1\bin;;C:\Program Files\JetBrains\DataGrip 2021.1.1\bin;;C:\Program Files\JetBrains\WebStorm 2021.1.1\bin;;C:\Users\ssgam\AppData\Roaming\npm;C:\Users\ssgam\AppData\Local\Programs\Microsoft VS Code\bin;."/>
    <property name="java.vendor" value="Oracle Corporation"/>
    <property name="java.vm.info" value="mixed mode"/>
    <property name="java.vm.version" value="11.0.11+9-LTS-194"/>
    <property name="sun.io.unicode.encoding" value="UnicodeLittle"/>
    <property name="java.class.version" value="55.0"/>
  </properties>
  <testcase name="testSaveAccountMethodWithNonExistentAccount" classname="com.epam.training.ticketservice.repository.impl.JpaAccountRepositoryTest" time="0.015"/>
  <testcase name="testFindAccountMethodWithWrongUsername" classname="com.epam.training.ticketservice.repository.impl.JpaAccountRepositoryTest" time="0.003"/>
  <testcase name="testFindAccountMethod" classname="com.epam.training.ticketservice.repository.impl.JpaAccountRepositoryTest" time="0.005"/>
  <testcase name="testFindAccountMethodButUserAlreadyLoggedIn" classname="com.epam.training.ticketservice.repository.impl.JpaAccountRepositoryTest" time="0.004"/>
  <testcase name="testFindAccountMethodWithWrongPassword" classname="com.epam.training.ticketservice.repository.impl.JpaAccountRepositoryTest" time="0.003"/>
  <testcase name="testSaveAccountMethodWithExistentAccount" classname="com.epam.training.ticketservice.repository.impl.JpaAccountRepositoryTest" time="0.005"/>
</testsuite>